#
# A fatal error has been detected by the Java Runtime Environment:
#
#  EXCEPTION_ACCESS_VIOLATION (0xc0000005) at pc=0x00007ff8cefd716c, pid=15552, tid=17784
#
# JRE version: Java(TM) SE Runtime Environment (11.0.6+8) (build 11.0.6+8-LTS)
# Java VM: Java HotSpot(TM) 64-Bit Server VM (11.0.6+8-LTS, mixed mode, tiered, compressed oops, g1 gc, windows-amd64)
# Problematic frame:
# V  [jvm.dll+0x66716c]
#
# No core dump will be written. Minidumps are not enabled by default on client versions of Windows
#
# If you would like to submit a bug report, please visit:
#   http://bugreport.java.com/bugreport/crash.jsp
#

---------------  S U M M A R Y ------------

Command Line: -Dmaven.multiModuleProjectDirectory=C:\Deepthi\SampleProject\web-module -Dmaven.home=C:\Program Files\JetBrains\IntelliJ IDEA 2019.3.3\plugins\maven\lib\maven3 -Dclassworlds.conf=C:\Program Files\JetBrains\IntelliJ IDEA 2019.3.3\plugins\maven\lib\maven3\bin\m2.conf -Dmaven.ext.class.path=C:\Program Files\JetBrains\IntelliJ IDEA 2019.3.3\plugins\maven\lib\maven-event-listener.jar -javaagent:C:\Program Files\JetBrains\IntelliJ IDEA 2019.3.3\lib\idea_rt.jar=58266:C:\Program Files\JetBrains\IntelliJ IDEA 2019.3.3\bin -Dfile.encoding=UTF-8 org.codehaus.classworlds.Launcher -Didea.version2019.3.3 org.apache.tomcat.maven:tomcat7-maven-plugin:2.2:deploy

Host: Intel(R) Core(TM) i7-1065G7 CPU @ 1.30GHz, 8 cores, 7G,  Windows 10 , 64 bit Build 18362 (10.0.18362.778)
Time: Tue May 12 21:17:04 2020 Central Daylight Time elapsed time: 3 seconds (0d 0h 0m 3s)

---------------  T H R E A D  ---------------

Current thread (0x000001c937262800):  JavaThread "C2 CompilerThread0" daemon [_thread_in_native, id=17784, stack(0x000000383fe00000,0x000000383ff00000)]


Current CompileTask:
C2:   3333 2776   !   4       org.codehaus.plexus.interpolation.StringSearchInterpolator::interpolate (650 bytes)

Stack: [0x000000383fe00000,0x000000383ff00000],  sp=0x000000383fefb460,  free space=1005k
Native frames: (J=compiled Java code, j=interpreted, Vv=VM code, C=native code)
V  [jvm.dll+0x66716c]
V  [jvm.dll+0x668c76]
V  [jvm.dll+0x1a91cd]
V  [jvm.dll+0x218462]
V  [jvm.dll+0x2174fa]
V  [jvm.dll+0x193a2c]
V  [jvm.dll+0x226544]
V  [jvm.dll+0x224b28]
V  [jvm.dll+0x73a9c5]
V  [jvm.dll+0x733905]
V  [jvm.dll+0x635846]
C  [ucrtbase.dll+0x20e72]
C  [KERNEL32.DLL+0x17bd4]
C  [ntdll.dll+0x6ce51]


siginfo: EXCEPTION_ACCESS_VIOLATION (0xc0000005), reading address 0x00000000e49e6270


Register to memory mapping:

RIP=0x00007ff8cefd716c jvm.dll
RAX=0x00000000000001d0 is an unknown value
RBX=0x000000383fefbbf0 is pointing into the stack for thread: 0x000001c937262800
RCX=0x0000000000000002 is an unknown value
RDX=0x0000000000000002 is an unknown value
RSP=0x000000383fefb460 is pointing into the stack for thread: 0x000001c937262800
RBP=0x000001c93b4f1a80 points into unknown readable memory: 88 1d 15 cf f8 7f 00 00
RSI=0x000001c93abbc7e8 points into unknown readable memory: c0 bf 1c cf f8 7f 00 00
RDI=0x0000000000000016 is an unknown value
R8 =0x0 is NULL
R9 =0x0000000000000400 is an unknown value
R10=0x000001c93a6a1290 points into unknown readable memory: e0 1e be 37 c9 01 00 00
R11=0x000001c93abbc7e8 points into unknown readable memory: c0 bf 1c cf f8 7f 00 00
R12=0x0 is NULL
R13=0x0000000000000002 is an unknown value
R14=0x000001c93ab3b1a0 points into unknown readable memory: 20 84 25 37 c9 01 00 00
R15=0x000001c93ab3b1e0 points into unknown readable memory: 20 84 25 37 c9 01 00 00


Registers:
RAX=0x00000000000001d0, RBX=0x000000383fefbbf0, RCX=0x0000000000000002, RDX=0x0000000000000002
RSP=0x000000383fefb460, RBP=0x000001c93b4f1a80, RSI=0x000001c93abbc7e8, RDI=0x0000000000000016
R8 =0x0000000000000000, R9 =0x0000000000000400, R10=0x000001c93a6a1290, R11=0x000001c93abbc7e8
R12=0x0000000000000000, R13=0x0000000000000002, R14=0x000001c93ab3b1a0, R15=0x000001c93ab3b1e0
RIP=0x00007ff8cefd716c, EFLAGS=0x0000000000010283

Top of Stack: (sp=0x000000383fefb460)
0x000000383fefb460:   0000000000000001 000001c93a6a1208
0x000000383fefb470:   0000000000000005 00007ff8cea876e9
0x000000383fefb480:   000001c93c34d0b0 000001c93ab3b1e0
0x000000383fefb490:   000001c93ab3b1a0 000001c93ac6cbf0
0x000000383fefb4a0:   0000000000000005 0000000000000008
0x000000383fefb4b0:   0000000000000000 000001c93cbff870
0x000000383fefb4c0:   000001c93bec9408 000001c93abbc7e8
0x000000383fefb4d0:   000001c93ab3b1a0 000001c93ab3b1e0
0x000000383fefb4e0:   000000383fefbbf0 0000000000000000
0x000000383fefb4f0:   000001c93ab3b1e0 000000383fefb610
0x000000383fefb500:   0000000000000001 00007ff8cefd8c76
0x000000383fefb510:   000000383fefbbf0 000001c93abbc7e8
0x000000383fefb520:   0000003800000001 000001c93c34d0b0
0x000000383fefb530:   000001c93ab3b1e0 000001c93ab3b1a0
0x000000383fefb540:   0000000000000001 0000000000000004
0x000000383fefb550:   000001c93ab3b1e0 000001c93c34d0b0 

Instructions: (pc=0x00007ff8cefd716c)
0x00007ff8cefd714c:   0f b6 ca 4d 3b c2 72 df 84 d2 0f 85 67 01 00 00
0x00007ff8cefd715c:   49 8b cd 45 8b 4f 08 41 3b f9 73 0a 49 8b 47 10
0x00007ff8cefd716c:   48 8b 34 f8 eb 02 33 f6 48 83 f9 01 7e 3f 41 8d
0x00007ff8cefd717c:   4d ff 8b c1 23 c7 3b c1 0f 85 31 01 00 00 33 d2 


Stack slot to memory mapping:
stack at sp + 0 slots: 0x0000000000000001 is an unknown value
stack at sp + 1 slots: 0x000001c93a6a1208 points into unknown readable memory: c0 bf 1c cf f8 7f 00 00
stack at sp + 2 slots: 0x0000000000000005 is an unknown value
stack at sp + 3 slots: 0x00007ff8cea876e9 jvm.dll
stack at sp + 4 slots: 0x000001c93c34d0b0 points into unknown readable memory: 10 7b 1b cf f8 7f 00 00
stack at sp + 5 slots: 0x000001c93ab3b1e0 points into unknown readable memory: 20 84 25 37 c9 01 00 00
stack at sp + 6 slots: 0x000001c93ab3b1a0 points into unknown readable memory: 20 84 25 37 c9 01 00 00
stack at sp + 7 slots: 0x000001c93ac6cbf0 points into unknown readable memory: 20 84 25 37 c9 01 00 00


---------------  P R O C E S S  ---------------

Threads class SMR info:
_java_thread_list=0x000001c939654d00, length=13, elements={
0x000001c9167b6800, 0x000001c937224800, 0x000001c937226000, 0x000001c93725d000,
0x000001c93725f800, 0x000001c937262800, 0x000001c937bb2800, 0x000001c937bb3000,
0x000001c937d27000, 0x000001c937d52000, 0x000001c937eb0800, 0x000001c937eb3000,
0x000001c93a5f5800
}

Java Threads: ( => current thread )
  0x000001c9167b6800 JavaThread "main" [_thread_in_Java, id=14112, stack(0x000000383f300000,0x000000383f400000)]
  0x000001c937224800 JavaThread "Reference Handler" daemon [_thread_blocked, id=18128, stack(0x000000383fa00000,0x000000383fb00000)]
  0x000001c937226000 JavaThread "Finalizer" daemon [_thread_blocked, id=4704, stack(0x000000383fb00000,0x000000383fc00000)]
  0x000001c93725d000 JavaThread "Signal Dispatcher" daemon [_thread_blocked, id=17612, stack(0x000000383fc00000,0x000000383fd00000)]
  0x000001c93725f800 JavaThread "Attach Listener" daemon [_thread_blocked, id=13904, stack(0x000000383fd00000,0x000000383fe00000)]
=>0x000001c937262800 JavaThread "C2 CompilerThread0" daemon [_thread_in_native, id=17784, stack(0x000000383fe00000,0x000000383ff00000)]
  0x000001c937bb2800 JavaThread "C1 CompilerThread0" daemon [_thread_in_native, id=8932, stack(0x000000383ff00000,0x0000003840000000)]
  0x000001c937bb3000 JavaThread "Sweeper thread" daemon [_thread_blocked, id=8264, stack(0x0000003840000000,0x0000003840100000)]
  0x000001c937d27000 JavaThread "Common-Cleaner" daemon [_thread_blocked, id=10612, stack(0x0000003840100000,0x0000003840200000)]
  0x000001c937d52000 JavaThread "C2 CompilerThread1" daemon [_thread_in_native, id=2356, stack(0x0000003840200000,0x0000003840300000)]
  0x000001c937eb0800 JavaThread "Monitor Ctrl-Break" daemon [_thread_in_native, id=736, stack(0x0000003840300000,0x0000003840400000)]
  0x000001c937eb3000 JavaThread "Service Thread" daemon [_thread_blocked, id=8000, stack(0x0000003840400000,0x0000003840500000)]
  0x000001c93a5f5800 JavaThread "C2 CompilerThread2" daemon [_thread_in_native, id=9676, stack(0x0000003840600000,0x0000003840700000)]

Other Threads:
  0x000001c937223000 VMThread "VM Thread" [stack: 0x000000383f900000,0x000000383fa00000] [id=10860]
  0x000001c937eb6000 WatcherThread [stack: 0x0000003840500000,0x0000003840600000] [id=17080]
  0x000001c9167ce000 GCTaskThread "GC Thread#0" [stack: 0x000000383f400000,0x000000383f500000] [id=12976]
  0x000001c939315000 GCTaskThread "GC Thread#1" [stack: 0x0000003840700000,0x0000003840800000] [id=16772]
  0x000001c9383a1800 GCTaskThread "GC Thread#2" [stack: 0x0000003840800000,0x0000003840900000] [id=13968]
  0x000001c9167fe800 ConcurrentGCThread "G1 Main Marker" [stack: 0x000000383f500000,0x000000383f600000] [id=8268]
  0x000001c916801000 ConcurrentGCThread "G1 Conc#0" [stack: 0x000000383f600000,0x000000383f700000] [id=14788]
  0x000001c93a7c9800 ConcurrentGCThread "G1 Conc#1" [stack: 0x0000003840900000,0x0000003840a00000] [id=12276]
  0x000001c91688d800 ConcurrentGCThread "G1 Refine#0" [stack: 0x000000383f700000,0x000000383f800000] [id=7744]
  0x000001c91688e800 ConcurrentGCThread "G1 Young RemSet Sampling" [stack: 0x000000383f800000,0x000000383f900000] [id=1412]

Threads with active compile tasks:
C2 CompilerThread02776   !   4       org.codehaus.plexus.interpolation.StringSearchInterpolator::interpolate (650 bytes)
C2 CompilerThread13241       4       org.eclipse.sisu.inject.LocatedBeans$Itr::hasNext (161 bytes)
C2 CompilerThread23261       4       org.eclipse.sisu.plexus.RealmFilteredBeans$FilteredItr::hasNext (81 bytes)

VM state:not at safepoint (normal execution)

VM Mutex/Monitor currently owned by a thread: None

Heap address: 0x0000000083c00000, size: 1988 MB, Compressed Oops mode: 32-bit
Narrow klass base: 0x0000000000000000, Narrow klass shift: 3
Compressed class space size: 1073741824 Address: 0x0000000100000000

Heap:
 garbage-first heap   total 129024K, used 63124K [0x0000000083c00000, 0x0000000100000000)
  region size 1024K, 62 young (63488K), 6 survivors (6144K)
 Metaspace       used 22310K, capacity 22686K, committed 22960K, reserved 1069056K
  class space    used 2360K, capacity 2497K, committed 2560K, reserved 1048576K
Heap Regions: E=young(eden), S=young(survivor), O=old, HS=humongous(starts), HC=humongous(continues), CS=collection set, F=free, A=archive, TAMS=top-at-mark-start (previous, next)
|   0|0x0000000083c00000, 0x0000000083cf6400, 0x0000000083d00000| 96%| O|  |TAMS 0x0000000083cf6400, 0x0000000083c00000| Untracked 
|   1|0x0000000083d00000, 0x0000000083d00000, 0x0000000083e00000|  0%| F|  |TAMS 0x0000000083d00000, 0x0000000083d00000| Untracked 
|   2|0x0000000083e00000, 0x0000000083e00000, 0x0000000083f00000|  0%| F|  |TAMS 0x0000000083e00000, 0x0000000083e00000| Untracked 
|   3|0x0000000083f00000, 0x0000000083f00000, 0x0000000084000000|  0%| F|  |TAMS 0x0000000083f00000, 0x0000000083f00000| Untracked 
|   4|0x0000000084000000, 0x0000000084000000, 0x0000000084100000|  0%| F|  |TAMS 0x0000000084000000, 0x0000000084000000| Untracked 
|   5|0x0000000084100000, 0x0000000084100000, 0x0000000084200000|  0%| F|  |TAMS 0x0000000084100000, 0x0000000084100000| Untracked 
|   6|0x0000000084200000, 0x0000000084200000, 0x0000000084300000|  0%| F|  |TAMS 0x0000000084200000, 0x0000000084200000| Untracked 
|   7|0x0000000084300000, 0x0000000084300000, 0x0000000084400000|  0%| F|  |TAMS 0x0000000084300000, 0x0000000084300000| Untracked 
|   8|0x0000000084400000, 0x0000000084400000, 0x0000000084500000|  0%| F|  |TAMS 0x0000000084400000, 0x0000000084400000| Untracked 
|   9|0x0000000084500000, 0x0000000084500000, 0x0000000084600000|  0%| F|  |TAMS 0x0000000084500000, 0x0000000084500000| Untracked 
|  10|0x0000000084600000, 0x0000000084600000, 0x0000000084700000|  0%| F|  |TAMS 0x0000000084600000, 0x0000000084600000| Untracked 
|  11|0x0000000084700000, 0x0000000084700000, 0x0000000084800000|  0%| F|  |TAMS 0x0000000084700000, 0x0000000084700000| Untracked 
|  12|0x0000000084800000, 0x0000000084800000, 0x0000000084900000|  0%| F|  |TAMS 0x0000000084800000, 0x0000000084800000| Untracked 
|  13|0x0000000084900000, 0x0000000084900000, 0x0000000084a00000|  0%| F|  |TAMS 0x0000000084900000, 0x0000000084900000| Untracked 
|  14|0x0000000084a00000, 0x0000000084a00000, 0x0000000084b00000|  0%| F|  |TAMS 0x0000000084a00000, 0x0000000084a00000| Untracked 
|  15|0x0000000084b00000, 0x0000000084b00000, 0x0000000084c00000|  0%| F|  |TAMS 0x0000000084b00000, 0x0000000084b00000| Untracked 
|  16|0x0000000084c00000, 0x0000000084c00000, 0x0000000084d00000|  0%| F|  |TAMS 0x0000000084c00000, 0x0000000084c00000| Untracked 
|  17|0x0000000084d00000, 0x0000000084d00000, 0x0000000084e00000|  0%| F|  |TAMS 0x0000000084d00000, 0x0000000084d00000| Untracked 
|  18|0x0000000084e00000, 0x0000000084e00000, 0x0000000084f00000|  0%| F|  |TAMS 0x0000000084e00000, 0x0000000084e00000| Untracked 
|  19|0x0000000084f00000, 0x0000000084f00000, 0x0000000085000000|  0%| F|  |TAMS 0x0000000084f00000, 0x0000000084f00000| Untracked 
|  20|0x0000000085000000, 0x0000000085000000, 0x0000000085100000|  0%| F|  |TAMS 0x0000000085000000, 0x0000000085000000| Untracked 
|  21|0x0000000085100000, 0x0000000085100000, 0x0000000085200000|  0%| F|  |TAMS 0x0000000085100000, 0x0000000085100000| Untracked 
|  22|0x0000000085200000, 0x0000000085200000, 0x0000000085300000|  0%| F|  |TAMS 0x0000000085200000, 0x0000000085200000| Untracked 
|  23|0x0000000085300000, 0x0000000085300000, 0x0000000085400000|  0%| F|  |TAMS 0x0000000085300000, 0x0000000085300000| Untracked 
|  24|0x0000000085400000, 0x0000000085400000, 0x0000000085500000|  0%| F|  |TAMS 0x0000000085400000, 0x0000000085400000| Untracked 
|  25|0x0000000085500000, 0x0000000085500000, 0x0000000085600000|  0%| F|  |TAMS 0x0000000085500000, 0x0000000085500000| Untracked 
|  26|0x0000000085600000, 0x0000000085600000, 0x0000000085700000|  0%| F|  |TAMS 0x0000000085600000, 0x0000000085600000| Untracked 
|  27|0x0000000085700000, 0x0000000085700000, 0x0000000085800000|  0%| F|  |TAMS 0x0000000085700000, 0x0000000085700000| Untracked 
|  28|0x0000000085800000, 0x0000000085800000, 0x0000000085900000|  0%| F|  |TAMS 0x0000000085800000, 0x0000000085800000| Untracked 
|  29|0x0000000085900000, 0x0000000085900000, 0x0000000085a00000|  0%| F|  |TAMS 0x0000000085900000, 0x0000000085900000| Untracked 
|  30|0x0000000085a00000, 0x0000000085a00000, 0x0000000085b00000|  0%| F|  |TAMS 0x0000000085a00000, 0x0000000085a00000| Untracked 
|  31|0x0000000085b00000, 0x0000000085b00000, 0x0000000085c00000|  0%| F|  |TAMS 0x0000000085b00000, 0x0000000085b00000| Untracked 
|  32|0x0000000085c00000, 0x0000000085c00000, 0x0000000085d00000|  0%| F|  |TAMS 0x0000000085c00000, 0x0000000085c00000| Untracked 
|  33|0x0000000085d00000, 0x0000000085d00000, 0x0000000085e00000|  0%| F|  |TAMS 0x0000000085d00000, 0x0000000085d00000| Untracked 
|  34|0x0000000085e00000, 0x0000000085e00000, 0x0000000085f00000|  0%| F|  |TAMS 0x0000000085e00000, 0x0000000085e00000| Untracked 
|  35|0x0000000085f00000, 0x0000000085f00000, 0x0000000086000000|  0%| F|  |TAMS 0x0000000085f00000, 0x0000000085f00000| Untracked 
|  36|0x0000000086000000, 0x0000000086000000, 0x0000000086100000|  0%| F|  |TAMS 0x0000000086000000, 0x0000000086000000| Untracked 
|  37|0x0000000086100000, 0x0000000086100000, 0x0000000086200000|  0%| F|  |TAMS 0x0000000086100000, 0x0000000086100000| Untracked 
|  38|0x0000000086200000, 0x0000000086200000, 0x0000000086300000|  0%| F|  |TAMS 0x0000000086200000, 0x0000000086200000| Untracked 
|  39|0x0000000086300000, 0x0000000086300000, 0x0000000086400000|  0%| F|  |TAMS 0x0000000086300000, 0x0000000086300000| Untracked 
|  40|0x0000000086400000, 0x0000000086400000, 0x0000000086500000|  0%| F|  |TAMS 0x0000000086400000, 0x0000000086400000| Untracked 
|  41|0x0000000086500000, 0x0000000086500000, 0x0000000086600000|  0%| F|  |TAMS 0x0000000086500000, 0x0000000086500000| Untracked 
|  42|0x0000000086600000, 0x0000000086600000, 0x0000000086700000|  0%| F|  |TAMS 0x0000000086600000, 0x0000000086600000| Untracked 
|  43|0x0000000086700000, 0x0000000086700000, 0x0000000086800000|  0%| F|  |TAMS 0x0000000086700000, 0x0000000086700000| Untracked 
|  44|0x0000000086800000, 0x0000000086800000, 0x0000000086900000|  0%| F|  |TAMS 0x0000000086800000, 0x0000000086800000| Untracked 
|  45|0x0000000086900000, 0x0000000086900000, 0x0000000086a00000|  0%| F|  |TAMS 0x0000000086900000, 0x0000000086900000| Untracked 
|  46|0x0000000086a00000, 0x0000000086a00000, 0x0000000086b00000|  0%| F|  |TAMS 0x0000000086a00000, 0x0000000086a00000| Untracked 
|  47|0x0000000086b00000, 0x0000000086b00000, 0x0000000086c00000|  0%| F|  |TAMS 0x0000000086b00000, 0x0000000086b00000| Untracked 
|  48|0x0000000086c00000, 0x0000000086c00000, 0x0000000086d00000|  0%| F|  |TAMS 0x0000000086c00000, 0x0000000086c00000| Untracked 
|  49|0x0000000086d00000, 0x0000000086d00000, 0x0000000086e00000|  0%| F|  |TAMS 0x0000000086d00000, 0x0000000086d00000| Untracked 
|  50|0x0000000086e00000, 0x0000000086e00000, 0x0000000086f00000|  0%| F|  |TAMS 0x0000000086e00000, 0x0000000086e00000| Untracked 
|  51|0x0000000086f00000, 0x0000000086f00000, 0x0000000087000000|  0%| F|  |TAMS 0x0000000086f00000, 0x0000000086f00000| Untracked 
|  52|0x0000000087000000, 0x0000000087000000, 0x0000000087100000|  0%| F|  |TAMS 0x0000000087000000, 0x0000000087000000| Untracked 
|  53|0x0000000087100000, 0x0000000087100000, 0x0000000087200000|  0%| F|  |TAMS 0x0000000087100000, 0x0000000087100000| Untracked 
|  54|0x0000000087200000, 0x0000000087200000, 0x0000000087300000|  0%| F|  |TAMS 0x0000000087200000, 0x0000000087200000| Untracked 
|  55|0x0000000087300000, 0x0000000087300000, 0x0000000087400000|  0%| F|  |TAMS 0x0000000087300000, 0x0000000087300000| Untracked 
|  56|0x0000000087400000, 0x0000000087400000, 0x0000000087500000|  0%| F|  |TAMS 0x0000000087400000, 0x0000000087400000| Untracked 
|  57|0x0000000087500000, 0x0000000087500000, 0x0000000087600000|  0%| F|  |TAMS 0x0000000087500000, 0x0000000087500000| Untracked 
|  58|0x0000000087600000, 0x0000000087600000, 0x0000000087700000|  0%| F|  |TAMS 0x0000000087600000, 0x0000000087600000| Untracked 
|  59|0x0000000087700000, 0x0000000087700000, 0x0000000087800000|  0%| F|  |TAMS 0x0000000087700000, 0x0000000087700000| Untracked 
|  60|0x0000000087800000, 0x0000000087800000, 0x0000000087900000|  0%| F|  |TAMS 0x0000000087800000, 0x0000000087800000| Untracked 
|  61|0x0000000087900000, 0x0000000087900000, 0x0000000087a00000|  0%| F|  |TAMS 0x0000000087900000, 0x0000000087900000| Untracked 
|  62|0x0000000087a00000, 0x0000000087a00000, 0x0000000087b00000|  0%| F|  |TAMS 0x0000000087a00000, 0x0000000087a00000| Untracked 
|  63|0x0000000087b00000, 0x0000000087baefb0, 0x0000000087c00000| 68%| S|CS|TAMS 0x0000000087b00000, 0x0000000087b00000| Complete 
|  64|0x0000000087c00000, 0x0000000087d00000, 0x0000000087d00000|100%| S|CS|TAMS 0x0000000087c00000, 0x0000000087c00000| Complete 
|  65|0x0000000087d00000, 0x0000000087e00000, 0x0000000087e00000|100%| S|CS|TAMS 0x0000000087d00000, 0x0000000087d00000| Complete 
|  66|0x0000000087e00000, 0x0000000087f00000, 0x0000000087f00000|100%| S|CS|TAMS 0x0000000087e00000, 0x0000000087e00000| Complete 
|  67|0x0000000087f00000, 0x0000000088000000, 0x0000000088000000|100%| S|CS|TAMS 0x0000000087f00000, 0x0000000087f00000| Complete 
|  68|0x0000000088000000, 0x0000000088100000, 0x0000000088100000|100%| S|CS|TAMS 0x0000000088000000, 0x0000000088000000| Complete 
|  69|0x0000000088100000, 0x0000000088100000, 0x0000000088200000|  0%| F|  |TAMS 0x0000000088100000, 0x0000000088100000| Untracked 
|  70|0x0000000088200000, 0x0000000088300000, 0x0000000088300000|100%| E|  |TAMS 0x0000000088200000, 0x0000000088200000| Complete 
|  71|0x0000000088300000, 0x0000000088400000, 0x0000000088400000|100%| E|CS|TAMS 0x0000000088300000, 0x0000000088300000| Complete 
|  72|0x0000000088400000, 0x0000000088500000, 0x0000000088500000|100%| E|CS|TAMS 0x0000000088400000, 0x0000000088400000| Complete 
|  73|0x0000000088500000, 0x0000000088600000, 0x0000000088600000|100%| E|CS|TAMS 0x0000000088500000, 0x0000000088500000| Complete 
|  74|0x0000000088600000, 0x0000000088700000, 0x0000000088700000|100%| E|CS|TAMS 0x0000000088600000, 0x0000000088600000| Complete 
|  75|0x0000000088700000, 0x0000000088800000, 0x0000000088800000|100%| E|CS|TAMS 0x0000000088700000, 0x0000000088700000| Complete 
|  76|0x0000000088800000, 0x0000000088900000, 0x0000000088900000|100%| E|CS|TAMS 0x0000000088800000, 0x0000000088800000| Complete 
|  77|0x0000000088900000, 0x0000000088a00000, 0x0000000088a00000|100%| E|CS|TAMS 0x0000000088900000, 0x0000000088900000| Complete 
|  78|0x0000000088a00000, 0x0000000088b00000, 0x0000000088b00000|100%| E|CS|TAMS 0x0000000088a00000, 0x0000000088a00000| Complete 
|  79|0x0000000088b00000, 0x0000000088c00000, 0x0000000088c00000|100%| E|CS|TAMS 0x0000000088b00000, 0x0000000088b00000| Complete 
|  80|0x0000000088c00000, 0x0000000088d00000, 0x0000000088d00000|100%| E|CS|TAMS 0x0000000088c00000, 0x0000000088c00000| Complete 
|  81|0x0000000088d00000, 0x0000000088e00000, 0x0000000088e00000|100%| E|CS|TAMS 0x0000000088d00000, 0x0000000088d00000| Complete 
|  82|0x0000000088e00000, 0x0000000088f00000, 0x0000000088f00000|100%| E|CS|TAMS 0x0000000088e00000, 0x0000000088e00000| Complete 
|  83|0x0000000088f00000, 0x0000000089000000, 0x0000000089000000|100%| E|CS|TAMS 0x0000000088f00000, 0x0000000088f00000| Complete 
|  84|0x0000000089000000, 0x0000000089100000, 0x0000000089100000|100%| E|CS|TAMS 0x0000000089000000, 0x0000000089000000| Complete 
|  85|0x0000000089100000, 0x0000000089200000, 0x0000000089200000|100%| E|CS|TAMS 0x0000000089100000, 0x0000000089100000| Complete 
|  86|0x0000000089200000, 0x0000000089300000, 0x0000000089300000|100%| E|CS|TAMS 0x0000000089200000, 0x0000000089200000| Complete 
|  87|0x0000000089300000, 0x0000000089400000, 0x0000000089400000|100%| E|CS|TAMS 0x0000000089300000, 0x0000000089300000| Complete 
|  88|0x0000000089400000, 0x0000000089500000, 0x0000000089500000|100%| E|CS|TAMS 0x0000000089400000, 0x0000000089400000| Complete 
|  89|0x0000000089500000, 0x0000000089600000, 0x0000000089600000|100%| E|CS|TAMS 0x0000000089500000, 0x0000000089500000| Complete 
|  90|0x0000000089600000, 0x0000000089700000, 0x0000000089700000|100%| E|CS|TAMS 0x0000000089600000, 0x0000000089600000| Complete 
|  91|0x0000000089700000, 0x0000000089800000, 0x0000000089800000|100%| E|CS|TAMS 0x0000000089700000, 0x0000000089700000| Complete 
|  92|0x0000000089800000, 0x0000000089900000, 0x0000000089900000|100%| E|CS|TAMS 0x0000000089800000, 0x0000000089800000| Complete 
|  93|0x0000000089900000, 0x0000000089a00000, 0x0000000089a00000|100%| E|CS|TAMS 0x0000000089900000, 0x0000000089900000| Complete 
|  94|0x0000000089a00000, 0x0000000089b00000, 0x0000000089b00000|100%| E|CS|TAMS 0x0000000089a00000, 0x0000000089a00000| Complete 
|  95|0x0000000089b00000, 0x0000000089c00000, 0x0000000089c00000|100%| E|CS|TAMS 0x0000000089b00000, 0x0000000089b00000| Complete 
|  96|0x0000000089c00000, 0x0000000089d00000, 0x0000000089d00000|100%| E|CS|TAMS 0x0000000089c00000, 0x0000000089c00000| Complete 
|  97|0x0000000089d00000, 0x0000000089e00000, 0x0000000089e00000|100%| E|CS|TAMS 0x0000000089d00000, 0x0000000089d00000| Complete 
|  98|0x0000000089e00000, 0x0000000089f00000, 0x0000000089f00000|100%| E|CS|TAMS 0x0000000089e00000, 0x0000000089e00000| Complete 
|  99|0x0000000089f00000, 0x000000008a000000, 0x000000008a000000|100%| E|CS|TAMS 0x0000000089f00000, 0x0000000089f00000| Complete 
| 100|0x000000008a000000, 0x000000008a100000, 0x000000008a100000|100%| E|CS|TAMS 0x000000008a000000, 0x000000008a000000| Complete 
| 101|0x000000008a100000, 0x000000008a200000, 0x000000008a200000|100%| E|CS|TAMS 0x000000008a100000, 0x000000008a100000| Complete 
| 102|0x000000008a200000, 0x000000008a300000, 0x000000008a300000|100%| E|CS|TAMS 0x000000008a200000, 0x000000008a200000| Complete 
| 103|0x000000008a300000, 0x000000008a400000, 0x000000008a400000|100%| E|CS|TAMS 0x000000008a300000, 0x000000008a300000| Complete 
| 104|0x000000008a400000, 0x000000008a500000, 0x000000008a500000|100%| E|CS|TAMS 0x000000008a400000, 0x000000008a400000| Complete 
| 105|0x000000008a500000, 0x000000008a600000, 0x000000008a600000|100%| E|CS|TAMS 0x000000008a500000, 0x000000008a500000| Complete 
| 106|0x000000008a600000, 0x000000008a700000, 0x000000008a700000|100%| E|CS|TAMS 0x000000008a600000, 0x000000008a600000| Complete 
| 107|0x000000008a700000, 0x000000008a800000, 0x000000008a800000|100%| E|CS|TAMS 0x000000008a700000, 0x000000008a700000| Complete 
| 108|0x000000008a800000, 0x000000008a900000, 0x000000008a900000|100%| E|CS|TAMS 0x000000008a800000, 0x000000008a800000| Complete 
| 109|0x000000008a900000, 0x000000008aa00000, 0x000000008aa00000|100%| E|CS|TAMS 0x000000008a900000, 0x000000008a900000| Complete 
| 110|0x000000008aa00000, 0x000000008ab00000, 0x000000008ab00000|100%| E|CS|TAMS 0x000000008aa00000, 0x000000008aa00000| Complete 
| 111|0x000000008ab00000, 0x000000008ac00000, 0x000000008ac00000|100%| E|CS|TAMS 0x000000008ab00000, 0x000000008ab00000| Complete 
| 112|0x000000008ac00000, 0x000000008ad00000, 0x000000008ad00000|100%| E|CS|TAMS 0x000000008ac00000, 0x000000008ac00000| Complete 
| 113|0x000000008ad00000, 0x000000008ae00000, 0x000000008ae00000|100%| E|CS|TAMS 0x000000008ad00000, 0x000000008ad00000| Complete 
| 114|0x000000008ae00000, 0x000000008af00000, 0x000000008af00000|100%| E|CS|TAMS 0x000000008ae00000, 0x000000008ae00000| Complete 
| 115|0x000000008af00000, 0x000000008b000000, 0x000000008b000000|100%| E|CS|TAMS 0x000000008af00000, 0x000000008af00000| Complete 
| 116|0x000000008b000000, 0x000000008b100000, 0x000000008b100000|100%| E|CS|TAMS 0x000000008b000000, 0x000000008b000000| Complete 
| 117|0x000000008b100000, 0x000000008b200000, 0x000000008b200000|100%| E|CS|TAMS 0x000000008b100000, 0x000000008b100000| Complete 
| 118|0x000000008b200000, 0x000000008b300000, 0x000000008b300000|100%| E|CS|TAMS 0x000000008b200000, 0x000000008b200000| Complete 
| 119|0x000000008b300000, 0x000000008b400000, 0x000000008b400000|100%| E|CS|TAMS 0x000000008b300000, 0x000000008b300000| Complete 
| 120|0x000000008b400000, 0x000000008b500000, 0x000000008b500000|100%| E|CS|TAMS 0x000000008b400000, 0x000000008b400000| Complete 
| 121|0x000000008b500000, 0x000000008b600000, 0x000000008b600000|100%| E|CS|TAMS 0x000000008b500000, 0x000000008b500000| Complete 
| 122|0x000000008b600000, 0x000000008b700000, 0x000000008b700000|100%| E|CS|TAMS 0x000000008b600000, 0x000000008b600000| Complete 
| 123|0x000000008b700000, 0x000000008b800000, 0x000000008b800000|100%| E|CS|TAMS 0x000000008b700000, 0x000000008b700000| Complete 
| 124|0x000000008b800000, 0x000000008b900000, 0x000000008b900000|100%| E|CS|TAMS 0x000000008b800000, 0x000000008b800000| Complete 
| 125|0x000000008b900000, 0x000000008ba00000, 0x000000008ba00000|100%| E|CS|TAMS 0x000000008b900000, 0x000000008b900000| Complete 

Card table byte_map: [0x000001c930160000,0x000001c930550000] _byte_map_base: 0x000001c92fd42000

Marking Bits (Prev, Next): (CMBitMap*) 0x000001c9167f6290, (CMBitMap*) 0x000001c9167f6258
 Prev Bits: [0x000001c932850000, 0x000001c934760000)
 Next Bits: [0x000001c930940000, 0x000001c932850000)

Polling page: 0x000001c916630000

Metaspace:

Usage:
  Non-class:     19.72 MB capacity,    19.48 MB ( 99%) used,   211.23 KB (  1%) free+waste,    26.75 KB ( <1%) overhead. 
      Class:      2.44 MB capacity,     2.31 MB ( 95%) used,   125.64 KB (  5%) free+waste,    10.63 KB ( <1%) overhead. 
       Both:     22.15 MB capacity,    21.79 MB ( 98%) used,   336.87 KB (  1%) free+waste,    37.38 KB ( <1%) overhead. 

Virtual space:
  Non-class space:       20.00 MB reserved,      19.92 MB (>99%) committed 
      Class space:        1.00 GB reserved,       2.50 MB ( <1%) committed 
             Both:        1.02 GB reserved,      22.42 MB (  2%) committed 

Chunk freelists:
   Non-Class:  4.38 KB
       Class:  3.88 KB
        Both:  8.25 KB

CodeHeap 'non-profiled nmethods': size=120000Kb used=1768Kb max_used=1768Kb free=118231Kb
 bounds [0x000001c927de0000, 0x000001c928050000, 0x000001c92f310000]
CodeHeap 'profiled nmethods': size=120000Kb used=7030Kb max_used=7030Kb free=112969Kb
 bounds [0x000001c9208b0000, 0x000001c920f90000, 0x000001c927de0000]
CodeHeap 'non-nmethods': size=5760Kb used=1156Kb max_used=1183Kb free=4603Kb
 bounds [0x000001c920310000, 0x000001c920580000, 0x000001c9208b0000]
 total_blobs=4556 nmethods=3314 adapters=340
 compilation: enabled
              stopped_count=0, restarted_count=0
 full_count=0

Compilation events (10 events):
Event: 3.300 Thread 0x000001c937bb2800 3270       3       java.util.Formatter::format (11 bytes)
Event: 3.301 Thread 0x000001c937bb2800 nmethod 3270 0x000001c920f64f10 code [0x000001c920f650c0, 0x000001c920f65270]
Event: 3.301 Thread 0x000001c937bb2800 3271       3       java.util.Formatter::toString (12 bytes)
Event: 3.301 Thread 0x000001c937bb2800 nmethod 3271 0x000001c920f65310 code [0x000001c920f65500, 0x000001c920f65840]
Event: 3.302 Thread 0x000001c937bb2800 3272   !   3       java.util.concurrent.ConcurrentHashMap::replaceNode (437 bytes)
Event: 3.305 Thread 0x000001c937bb2800 nmethod 3272 0x000001c920f65990 code [0x000001c920f65d40, 0x000001c920f67e60]
Event: 3.305 Thread 0x000001c937bb2800 3274       3       org.apache.maven.model.validation.DefaultModelValidator::equals (12 bytes)
Event: 3.305 Thread 0x000001c937bb2800 nmethod 3274 0x000001c920f68d10 code [0x000001c920f68f00, 0x000001c920f69290]
Event: 3.305 Thread 0x000001c937bb2800 3275   !   3       org.apache.maven.model.Parent::clone (73 bytes)
Event: 3.306 Thread 0x000001c937bb2800 nmethod 3275 0x000001c920f69410 code [0x000001c920f69700, 0x000001c920f6a560]

GC Heap History (4 events):
Event: 1.086 GC heap before
{Heap before GC invocations=0 (full 0):
 garbage-first heap   total 129024K, used 23552K [0x0000000083c00000, 0x0000000100000000)
  region size 1024K, 24 young (24576K), 0 survivors (0K)
 Metaspace       used 13620K, capacity 13860K, committed 14080K, reserved 1062912K
  class space    used 1372K, capacity 1431K, committed 1536K, reserved 1048576K
}
Event: 1.093 GC heap after
{Heap after GC invocations=1 (full 0):
 garbage-first heap   total 129024K, used 4056K [0x0000000083c00000, 0x0000000100000000)
  region size 1024K, 3 young (3072K), 3 survivors (3072K)
 Metaspace       used 13620K, capacity 13860K, committed 14080K, reserved 1062912K
  class space    used 1372K, capacity 1431K, committed 1536K, reserved 1048576K
}
Event: 2.135 GC heap before
{Heap before GC invocations=1 (full 0):
 garbage-first heap   total 129024K, used 58328K [0x0000000083c00000, 0x0000000100000000)
  region size 1024K, 57 young (58368K), 3 survivors (3072K)
 Metaspace       used 20912K, capacity 21171K, committed 21296K, reserved 1069056K
  class space    used 2245K, capacity 2356K, committed 2432K, reserved 1048576K
}
Event: 2.146 GC heap after
{Heap after GC invocations=2 (full 0):
 garbage-first heap   total 129024K, used 6804K [0x0000000083c00000, 0x0000000100000000)
  region size 1024K, 6 young (6144K), 6 survivors (6144K)
 Metaspace       used 20912K, capacity 21171K, committed 21296K, reserved 1069056K
  class space    used 2245K, capacity 2356K, committed 2432K, reserved 1048576K
}

Deoptimization events (10 events):
Event: 2.536 Thread 0x000001c9167b6800 Uncommon trap: reason=predicate action=maybe_recompile pc=0x000001c927f1aaf0 method=java.util.AbstractCollection.toArray([Ljava/lang/Object;)[Ljava/lang/Object; @ 43 c2
Event: 2.590 Thread 0x000001c9167b6800 Uncommon trap: reason=array_check action=maybe_recompile pc=0x000001c927f2e020 method=java.util.AbstractCollection.toArray([Ljava/lang/Object;)[Ljava/lang/Object; @ 116 c2
Event: 2.680 Thread 0x000001c9167b6800 Uncommon trap: reason=unstable_if action=reinterpret pc=0x000001c927e7f288 method=java.util.HashMap.getNode(ILjava/lang/Object;)Ljava/util/HashMap$Node; @ 53 c2
Event: 2.754 Thread 0x000001c9167b6800 Uncommon trap: reason=array_check action=maybe_recompile pc=0x000001c927f2e020 method=java.util.AbstractCollection.toArray([Ljava/lang/Object;)[Ljava/lang/Object; @ 116 c2
Event: 2.754 Thread 0x000001c9167b6800 Uncommon trap: reason=array_check action=maybe_recompile pc=0x000001c927f2e020 method=java.util.AbstractCollection.toArray([Ljava/lang/Object;)[Ljava/lang/Object; @ 116 c2
Event: 2.754 Thread 0x000001c9167b6800 Uncommon trap: reason=array_check action=maybe_recompile pc=0x000001c927f2e020 method=java.util.AbstractCollection.toArray([Ljava/lang/Object;)[Ljava/lang/Object; @ 116 c2
Event: 3.162 Thread 0x000001c9167b6800 Uncommon trap: reason=intrinsic_or_type_checked_inlining action=make_not_entrant pc=0x000001c927f7d8f4 method=java.util.Arrays.copyOf([Ljava/lang/Object;ILjava/lang/Class;)[Ljava/lang/Object; @ 35 c2
Event: 3.175 Thread 0x000001c9167b6800 Uncommon trap: reason=unstable_if action=reinterpret pc=0x000001c927ee0048 method=sun.net.www.protocol.jar.Handler.parseURL(Ljava/net/URL;Ljava/lang/String;II)V @ 116 c2
Event: 3.230 Thread 0x000001c9167b6800 Uncommon trap: reason=speculate_null_assert action=make_not_entrant pc=0x000001c927f6f8ac method=org.eclipse.sisu.inject.RankedBindings$Itr.hasNext()Z @ 80 c2
Event: 3.231 Thread 0x000001c9167b6800 Uncommon trap: reason=speculate_null_assert action=make_not_entrant pc=0x000001c927f43b64 method=org.eclipse.sisu.inject.RankedBindings$Itr.hasNext()Z @ 80 c2

Classes redefined (0 events):
No events

Internal exceptions (9 events):
Event: 0.343 Thread 0x000001c9167b6800 Exception <a 'java/lang/NoSuchMethodError'{0x000000008b588278}: java.lang.invoke.DirectMethodHandle$Holder.invokeSpecialIFC(Ljava/lang/Object;Ljava/lang/Object;I)I> (0x000000008b588278) thrown at [t:/workspace/open/src/hotspot/share/interpreter/linkResolv
Event: 0.406 Thread 0x000001c9167b6800 Exception <a 'java/lang/NoSuchMethodError'{0x000000008b499fe0}: java.lang.invoke.DirectMethodHandle$Holder.invokeStaticInit(Ljava/lang/Object;IIII)Ljava/lang/Object;> (0x000000008b499fe0) thrown at [t:/workspace/open/src/hotspot/share/interpreter/linkReso
Event: 0.548 Thread 0x000001c9167b6800 Exception <a 'java/lang/NoSuchMethodError'{0x000000008b319fc8}: java.lang.invoke.DirectMethodHandle$Holder.invokeStaticInit(Ljava/lang/Object;Ljava/lang/Object;IIII)Ljava/lang/Object;> (0x000000008b319fc8) thrown at [t:/workspace/open/src/hotspot/share/in
Event: 1.773 Thread 0x000001c9167b6800 Exception <a 'java/lang/NoClassDefFoundError'{0x00000000890ad1f8}: com/google/inject/servlet/ServletModuleTargetVisitor> (0x00000000890ad1f8) thrown at [t:/workspace/open/src/hotspot/share/classfile/systemDictionary.cpp, line 220]
Event: 1.773 Thread 0x000001c9167b6800 Exception <a 'java/lang/NoClassDefFoundError'{0x00000000890ad1f8}> (0x00000000890ad1f8) thrown at [t:/workspace/open/src/hotspot/share/prims/jvm.cpp, line 1300]
Event: 1.773 Thread 0x000001c9167b6800 Exception <a 'java/lang/NoClassDefFoundError'{0x00000000890b00a0}: javax/annotation/Priority> (0x00000000890b00a0) thrown at [t:/workspace/open/src/hotspot/share/classfile/systemDictionary.cpp, line 220]
Event: 2.164 Thread 0x000001c9167b6800 Implicit null exception at 0x000001c927e88df5 to 0x000001c927e88faa
Event: 2.164 Thread 0x000001c9167b6800 Implicit null exception at 0x000001c927e65faf to 0x000001c927e6601d
Event: 2.331 Thread 0x000001c9167b6800 Implicit null exception at 0x000001c927e11c78 to 0x000001c927e11d0a

Events (10 events):
Event: 3.272 loading class org/apache/maven/plugin/logging/Log
Event: 3.272 loading class org/apache/maven/plugin/logging/Log done
Event: 3.272 loading class org/apache/maven/plugin/logging/Log
Event: 3.272 loading class org/apache/maven/plugin/logging/Log done
Event: 3.272 loading class org/apache/maven/plugin/logging/Log
Event: 3.272 loading class org/apache/maven/plugin/logging/Log done
Event: 3.274 loading class org/apache/maven/artifact/resolver/filter/CumulativeScopeArtifactFilter
Event: 3.274 loading class org/apache/maven/artifact/resolver/filter/CumulativeScopeArtifactFilter done
Event: 3.274 loading class org/apache/maven/artifact/resolver/filter/AbstractScopeArtifactFilter
Event: 3.274 loading class org/apache/maven/artifact/resolver/filter/AbstractScopeArtifactFilter done


Dynamic libraries:
0x00007ff763270000 - 0x00007ff7632b7000 	C:\Program Files\Java\jdk-11.0.6\bin\java.exe
0x00007ff9334e0000 - 0x00007ff9336d0000 	C:\windows\SYSTEM32\ntdll.dll
0x00007ff932b90000 - 0x00007ff932c42000 	C:\windows\System32\KERNEL32.DLL
0x00007ff931200000 - 0x00007ff9314a3000 	C:\windows\System32\KERNELBASE.dll
0x00007ff931590000 - 0x00007ff931633000 	C:\windows\System32\ADVAPI32.dll
0x00007ff931640000 - 0x00007ff9316de000 	C:\windows\System32\msvcrt.dll
0x00007ff932920000 - 0x00007ff9329b7000 	C:\windows\System32\sechost.dll
0x00007ff9329c0000 - 0x00007ff932ae0000 	C:\windows\System32\RPCRT4.dll
0x00007ff932710000 - 0x00007ff9328a4000 	C:\windows\System32\USER32.dll
0x00007ff9314b0000 - 0x00007ff9314d1000 	C:\windows\System32\win32u.dll
0x00007ff933170000 - 0x00007ff933196000 	C:\windows\System32\GDI32.dll
0x00007ff9305c0000 - 0x00007ff930754000 	C:\windows\System32\gdi32full.dll
0x00007ff9308c0000 - 0x00007ff93095e000 	C:\windows\System32\msvcp_win.dll
0x00007ff930760000 - 0x00007ff93085a000 	C:\windows\System32\ucrtbase.dll
0x00007ff918390000 - 0x00007ff918615000 	C:\windows\WinSxS\amd64_microsoft.windows.common-controls_6595b64144ccf1df_6.0.18362.778_none_e6c6b761130d4fb8\COMCTL32.dll
0x00007ff932e10000 - 0x00007ff933146000 	C:\windows\System32\combase.dll
0x00007ff928dc0000 - 0x00007ff928dca000 	C:\windows\SYSTEM32\VERSION.dll
0x00007ff930960000 - 0x00007ff9309e0000 	C:\windows\System32\bcryptPrimitives.dll
0x00007ff9326e0000 - 0x00007ff93270e000 	C:\windows\System32\IMM32.DLL
0x00007ff92dd30000 - 0x00007ff92dd46000 	C:\Program Files\Java\jdk-11.0.6\bin\vcruntime140.dll
0x00007ff8f04b0000 - 0x00007ff8f055a000 	C:\Program Files\Java\jdk-11.0.6\bin\msvcp140.dll
0x00007ff8ce970000 - 0x00007ff8cf499000 	C:\Program Files\Java\jdk-11.0.6\bin\server\jvm.dll
0x00007ff932350000 - 0x00007ff932358000 	C:\windows\System32\PSAPI.DLL
0x00007ff92dbb0000 - 0x00007ff92dbd4000 	C:\windows\SYSTEM32\WINMM.dll
0x00007ff92dd90000 - 0x00007ff92dd99000 	C:\windows\SYSTEM32\WSOCK32.dll
0x00007ff932600000 - 0x00007ff93266f000 	C:\windows\System32\WS2_32.dll
0x00007ff92d730000 - 0x00007ff92d75d000 	C:\windows\SYSTEM32\winmmbase.dll
0x00007ff9311b0000 - 0x00007ff9311fa000 	C:\windows\System32\cfgmgr32.dll
0x00007ff930450000 - 0x00007ff930461000 	C:\windows\System32\kernel.appcore.dll
0x00007ff92dd10000 - 0x00007ff92dd21000 	C:\Program Files\Java\jdk-11.0.6\bin\verify.dll
0x00007ff92ecd0000 - 0x00007ff92eec4000 	C:\windows\SYSTEM32\DBGHELP.DLL
0x00007ff916900000 - 0x00007ff91692a000 	C:\windows\SYSTEM32\dbgcore.DLL
0x00007ff92c5f0000 - 0x00007ff92c619000 	C:\Program Files\Java\jdk-11.0.6\bin\java.dll
0x00007ff92a590000 - 0x00007ff92a5bf000 	C:\Program Files\Java\jdk-11.0.6\bin\instrument.dll
0x00007ff91d720000 - 0x00007ff91d736000 	C:\Program Files\Java\jdk-11.0.6\bin\zip.dll
0x00007ff92a550000 - 0x00007ff92a55a000 	C:\Program Files\Java\jdk-11.0.6\bin\jimage.dll
0x00007ff931c00000 - 0x00007ff9322e5000 	C:\windows\System32\SHELL32.dll
0x00007ff932ae0000 - 0x00007ff932b89000 	C:\windows\System32\shcore.dll
0x00007ff9309e0000 - 0x00007ff931160000 	C:\windows\System32\windows.storage.dll
0x00007ff9303b0000 - 0x00007ff9303d3000 	C:\windows\System32\profapi.dll
0x00007ff9303e0000 - 0x00007ff93042a000 	C:\windows\System32\powrprof.dll
0x00007ff9303a0000 - 0x00007ff9303b0000 	C:\windows\System32\UMPDC.dll
0x00007ff932680000 - 0x00007ff9326d2000 	C:\windows\System32\shlwapi.dll
0x00007ff931160000 - 0x00007ff931177000 	C:\windows\System32\cryptsp.dll
0x00007ff91d6d0000 - 0x00007ff91d6e9000 	C:\Program Files\Java\jdk-11.0.6\bin\net.dll
0x00007ff91c6f0000 - 0x00007ff91c7e0000 	C:\windows\SYSTEM32\WINHTTP.dll
0x00007ff92fbb0000 - 0x00007ff92fc17000 	C:\windows\system32\mswsock.dll
0x00007ff91c1c0000 - 0x00007ff91c1d3000 	C:\Program Files\Java\jdk-11.0.6\bin\nio.dll
0x00007ff92c6e0000 - 0x00007ff92c6fa000 	C:\Program Files\JetBrains\IntelliJ IDEA 2019.3.3\bin\breakgen64.dll
0x00007ff92f720000 - 0x00007ff92f753000 	C:\windows\system32\rsaenh.dll
0x00007ff931180000 - 0x00007ff9311a6000 	C:\windows\System32\bcrypt.dll
0x00007ff9302c0000 - 0x00007ff9302e5000 	C:\windows\SYSTEM32\USERENV.dll
0x00007ff92fd80000 - 0x00007ff92fd8c000 	C:\windows\SYSTEM32\CRYPTBASE.dll
0x00007ff92f8c0000 - 0x00007ff92f8fa000 	C:\windows\SYSTEM32\IPHLPAPI.DLL
0x00007ff932670000 - 0x00007ff932678000 	C:\windows\System32\NSI.dll
0x00007ff923120000 - 0x00007ff923136000 	C:\windows\SYSTEM32\dhcpcsvc6.DLL
0x00007ff925db0000 - 0x00007ff925dcc000 	C:\windows\SYSTEM32\dhcpcsvc.DLL
0x00007ff92f900000 - 0x00007ff92f9ca000 	C:\windows\SYSTEM32\DNSAPI.dll
0x00007ff92c670000 - 0x00007ff92c67a000 	C:\Users\vndee\AppData\Local\Temp\jansi-1.17.1-3915828647943102404.dll
0x00007ff92c660000 - 0x00007ff92c66a000 	C:\Users\vndee\AppData\Local\Temp\jansi-1.17.1-11242597244827043356.dll

dbghelp: loaded successfully - version: 4.0.5 - missing functions: none
symbol engine: initialized successfully - sym options: 0x614 - pdb path: .;C:\Program Files\Java\jdk-11.0.6\bin;C:\windows\SYSTEM32;C:\windows\WinSxS\amd64_microsoft.windows.common-controls_6595b64144ccf1df_6.0.18362.778_none_e6c6b761130d4fb8;C:\Program Files\Java\jdk-11.0.6\bin\server;C:\Program Files\JetBrains\IntelliJ IDEA 2019.3.3\bin;C:\Users\vndee\AppData\Local\Temp

VM Arguments:
jvm_args: -Dmaven.multiModuleProjectDirectory=C:\Deepthi\SampleProject\web-module -Dmaven.home=C:\Program Files\JetBrains\IntelliJ IDEA 2019.3.3\plugins\maven\lib\maven3 -Dclassworlds.conf=C:\Program Files\JetBrains\IntelliJ IDEA 2019.3.3\plugins\maven\lib\maven3\bin\m2.conf -Dmaven.ext.class.path=C:\Program Files\JetBrains\IntelliJ IDEA 2019.3.3\plugins\maven\lib\maven-event-listener.jar -javaagent:C:\Program Files\JetBrains\IntelliJ IDEA 2019.3.3\lib\idea_rt.jar=58266:C:\Program Files\JetBrains\IntelliJ IDEA 2019.3.3\bin -Dfile.encoding=UTF-8 
java_command: org.codehaus.classworlds.Launcher -Didea.version2019.3.3 org.apache.tomcat.maven:tomcat7-maven-plugin:2.2:deploy
java_class_path (initial): C:\Program Files\JetBrains\IntelliJ IDEA 2019.3.3\plugins\maven\lib\maven3\boot\plexus-classworlds-2.6.0.jar
Launcher Type: SUN_STANDARD

[Global flags]
     intx CICompilerCount                          = 4                                         {product} {ergonomic}
     uint ConcGCThreads                            = 2                                         {product} {ergonomic}
     uint G1ConcRefinementThreads                  = 8                                         {product} {ergonomic}
   size_t G1HeapRegionSize                         = 1048576                                   {product} {ergonomic}
    uintx GCDrainStackTargetSize                   = 64                                        {product} {ergonomic}
   size_t InitialHeapSize                          = 132120576                                 {product} {ergonomic}
   size_t MarkStackSize                            = 4194304                                   {product} {ergonomic}
   size_t MaxHeapSize                              = 2084569088                                {product} {ergonomic}
   size_t MaxNewSize                               = 1249902592                                {product} {ergonomic}
   size_t MinHeapDeltaBytes                        = 1048576                                   {product} {ergonomic}
    uintx NonNMethodCodeHeapSize                   = 5836300                                {pd product} {ergonomic}
    uintx NonProfiledCodeHeapSize                  = 122910970                              {pd product} {ergonomic}
    uintx ProfiledCodeHeapSize                     = 122910970                              {pd product} {ergonomic}
    uintx ReservedCodeCacheSize                    = 251658240                              {pd product} {ergonomic}
     bool SegmentedCodeCache                       = true                                      {product} {ergonomic}
     bool UseCompressedClassPointers               = true                                 {lp64_product} {ergonomic}
     bool UseCompressedOops                        = true                                 {lp64_product} {ergonomic}
     bool UseG1GC                                  = true                                      {product} {ergonomic}
     bool UseLargePagesIndividualAllocation        = false                                  {pd product} {ergonomic}

Logging:
Log output configuration:
 #0: stdout all=warning uptime,level,tags
 #1: stderr all=off uptime,level,tags

Environment Variables:
JAVA_HOME=C:\Program Files\Java\jdk-11.0.6
PATH=C:\windows\system32;C:\windows;C:\windows\System32\Wbem;C:\windows\System32\WindowsPowerShell\v1.0\;C:\windows\System32\OpenSSH\;C:\Program Files\deepthi\Git\Git\cmd;C:\Users\vndee\AppData\Local\Microsoft\WindowsApps;;C:\Program Files\JetBrains\IntelliJ IDEA 2019.3.3\bin;
USERNAME=vndee
OS=Windows_NT
PROCESSOR_IDENTIFIER=Intel64 Family 6 Model 126 Stepping 5, GenuineIntel



---------------  S Y S T E M  ---------------

OS: Windows 10 , 64 bit Build 18362 (10.0.18362.778)

CPU:total 8 (initial active 8) (4 cores per cpu, 2 threads per core) family 6 model 126 stepping 5, cmov, cx8, fxsr, mmx, sse, sse2, sse3, ssse3, sse4.1, sse4.2, popcnt, avx, avx2, aes, clmul, erms, 3dnowpref, lzcnt, ht, tsc, tscinvbit, bmi1, bmi2, adx, evex, sha, fma

Memory: 4k page, system-wide physical 7945M (1254M free)
TotalPageFile size 12551M (AvailPageFile size 2264M)
current process WorkingSet (physical memory assigned to process): 180M, peak: 181M
current process commit charge ("private bytes"): 282M, peak: 283M

vm_info: Java HotSpot(TM) 64-Bit Server VM (11.0.6+8-LTS) for windows-amd64 JRE (11.0.6+8-LTS), built on Dec 11 2019 09:17:57 by "mach5one" with MS VC++ 15.5 (VS2017)

END.
